D:\FreeImage\Source\OpenEXR\.\Debug\OpenEXR.lib
D:\FreeImage\Source\OpenEXR\Debug\cl.command.1.tlog
D:\FreeImage\Source\OpenEXR\Debug\CL.read.1.tlog
D:\FreeImage\Source\OpenEXR\Debug\CL.write.1.tlog
D:\FREEIMAGE\SOURCE\OPENEXR\DEBUG\HALF.OBJ
D:\FREEIMAGE\SOURCE\OPENEXR\DEBUG\IEXBASEEXC.OBJ
D:\FREEIMAGE\SOURCE\OPENEXR\DEBUG\IEXTHROWERRNOEXC.OBJ
D:\FREEIMAGE\SOURCE\OPENEXR\DEBUG\ILMTHREAD.OBJ
D:\FREEIMAGE\SOURCE\OPENEXR\DEBUG\ILMTHREADMUTEX.OBJ
D:\FREEIMAGE\SOURCE\OPENEXR\DEBUG\ILMTHREADPOOL.OBJ
D:\FREEIMAGE\SOURCE\OPENEXR\DEBUG\ILMTHREADSEMAPHORE.OBJ
D:\FREEIMAGE\SOURCE\OPENEXR\DEBUG\IMATHBOX.OBJ
D:\FREEIMAGE\SOURCE\OPENEXR\DEBUG\IMATHCOLORALGO.OBJ
D:\FREEIMAGE\SOURCE\OPENEXR\DEBUG\IMATHFUN.OBJ
D:\FREEIMAGE\SOURCE\OPENEXR\DEBUG\IMATHMATRIXALGO.OBJ
D:\FREEIMAGE\SOURCE\OPENEXR\DEBUG\IMATHRANDOM.OBJ
D:\FREEIMAGE\SOURCE\OPENEXR\DEBUG\IMATHSHEAR.OBJ
D:\FREEIMAGE\SOURCE\OPENEXR\DEBUG\IMATHVEC.OBJ
D:\FREEIMAGE\SOURCE\OPENEXR\DEBUG\IMFATTRIBUTE.OBJ
D:\FREEIMAGE\SOURCE\OPENEXR\DEBUG\IMFB44COMPRESSOR.OBJ
D:\FREEIMAGE\SOURCE\OPENEXR\DEBUG\IMFBOXATTRIBUTE.OBJ
D:\FREEIMAGE\SOURCE\OPENEXR\DEBUG\IMFCHANNELLIST.OBJ
D:\FREEIMAGE\SOURCE\OPENEXR\DEBUG\IMFCHANNELLISTATTRIBUTE.OBJ
D:\FREEIMAGE\SOURCE\OPENEXR\DEBUG\IMFCHROMATICITIES.OBJ
D:\FREEIMAGE\SOURCE\OPENEXR\DEBUG\IMFCHROMATICITIESATTRIBUTE.OBJ
D:\FREEIMAGE\SOURCE\OPENEXR\DEBUG\IMFCOMPRESSIONATTRIBUTE.OBJ
D:\FREEIMAGE\SOURCE\OPENEXR\DEBUG\IMFCOMPRESSOR.OBJ
D:\FREEIMAGE\SOURCE\OPENEXR\DEBUG\IMFCONVERT.OBJ
D:\FREEIMAGE\SOURCE\OPENEXR\DEBUG\IMFCRGBAFILE.OBJ
D:\FREEIMAGE\SOURCE\OPENEXR\DEBUG\IMFDOUBLEATTRIBUTE.OBJ
D:\FREEIMAGE\SOURCE\OPENEXR\DEBUG\IMFENVMAP.OBJ
D:\FREEIMAGE\SOURCE\OPENEXR\DEBUG\IMFENVMAPATTRIBUTE.OBJ
D:\FREEIMAGE\SOURCE\OPENEXR\DEBUG\IMFFLOATATTRIBUTE.OBJ
D:\FREEIMAGE\SOURCE\OPENEXR\DEBUG\IMFFRAMEBUFFER.OBJ
D:\FREEIMAGE\SOURCE\OPENEXR\DEBUG\IMFFRAMESPERSECOND.OBJ
D:\FREEIMAGE\SOURCE\OPENEXR\DEBUG\IMFHEADER.OBJ
D:\FREEIMAGE\SOURCE\OPENEXR\DEBUG\IMFHUF.OBJ
D:\FREEIMAGE\SOURCE\OPENEXR\DEBUG\IMFINPUTFILE.OBJ
D:\FREEIMAGE\SOURCE\OPENEXR\DEBUG\IMFINTATTRIBUTE.OBJ
D:\FREEIMAGE\SOURCE\OPENEXR\DEBUG\IMFIO.OBJ
D:\FREEIMAGE\SOURCE\OPENEXR\DEBUG\IMFKEYCODE.OBJ
D:\FREEIMAGE\SOURCE\OPENEXR\DEBUG\IMFKEYCODEATTRIBUTE.OBJ
D:\FREEIMAGE\SOURCE\OPENEXR\DEBUG\IMFLINEORDERATTRIBUTE.OBJ
D:\FREEIMAGE\SOURCE\OPENEXR\DEBUG\IMFLUT.OBJ
D:\FREEIMAGE\SOURCE\OPENEXR\DEBUG\IMFMATRIXATTRIBUTE.OBJ
D:\FREEIMAGE\SOURCE\OPENEXR\DEBUG\IMFMISC.OBJ
D:\FREEIMAGE\SOURCE\OPENEXR\DEBUG\IMFOPAQUEATTRIBUTE.OBJ
D:\FREEIMAGE\SOURCE\OPENEXR\DEBUG\IMFOUTPUTFILE.OBJ
D:\FREEIMAGE\SOURCE\OPENEXR\DEBUG\IMFPIZCOMPRESSOR.OBJ
D:\FREEIMAGE\SOURCE\OPENEXR\DEBUG\IMFPREVIEWIMAGE.OBJ
D:\FREEIMAGE\SOURCE\OPENEXR\DEBUG\IMFPREVIEWIMAGEATTRIBUTE.OBJ
D:\FREEIMAGE\SOURCE\OPENEXR\DEBUG\IMFPXR24COMPRESSOR.OBJ
D:\FREEIMAGE\SOURCE\OPENEXR\DEBUG\IMFRATIONAL.OBJ
D:\FREEIMAGE\SOURCE\OPENEXR\DEBUG\IMFRATIONALATTRIBUTE.OBJ
D:\FREEIMAGE\SOURCE\OPENEXR\DEBUG\IMFRGBAFILE.OBJ
D:\FREEIMAGE\SOURCE\OPENEXR\DEBUG\IMFRGBAYCA.OBJ
D:\FREEIMAGE\SOURCE\OPENEXR\DEBUG\IMFRLECOMPRESSOR.OBJ
D:\FREEIMAGE\SOURCE\OPENEXR\DEBUG\IMFSCANLINEINPUTFILE.OBJ
D:\FREEIMAGE\SOURCE\OPENEXR\DEBUG\IMFSTANDARDATTRIBUTES.OBJ
D:\FREEIMAGE\SOURCE\OPENEXR\DEBUG\IMFSTDIO.OBJ
D:\FREEIMAGE\SOURCE\OPENEXR\DEBUG\IMFSTRINGATTRIBUTE.OBJ
D:\FREEIMAGE\SOURCE\OPENEXR\DEBUG\IMFSTRINGVECTORATTRIBUTE.OBJ
D:\FREEIMAGE\SOURCE\OPENEXR\DEBUG\IMFTESTFILE.OBJ
D:\FREEIMAGE\SOURCE\OPENEXR\DEBUG\IMFTHREADING.OBJ
D:\FREEIMAGE\SOURCE\OPENEXR\DEBUG\IMFTILEDESCRIPTIONATTRIBUTE.OBJ
D:\FREEIMAGE\SOURCE\OPENEXR\DEBUG\IMFTILEDINPUTFILE.OBJ
D:\FREEIMAGE\SOURCE\OPENEXR\DEBUG\IMFTILEDMISC.OBJ
D:\FREEIMAGE\SOURCE\OPENEXR\DEBUG\IMFTILEDOUTPUTFILE.OBJ
D:\FREEIMAGE\SOURCE\OPENEXR\DEBUG\IMFTILEDRGBAFILE.OBJ
D:\FREEIMAGE\SOURCE\OPENEXR\DEBUG\IMFTILEOFFSETS.OBJ
D:\FREEIMAGE\SOURCE\OPENEXR\DEBUG\IMFTIMECODE.OBJ
D:\FREEIMAGE\SOURCE\OPENEXR\DEBUG\IMFTIMECODEATTRIBUTE.OBJ
D:\FREEIMAGE\SOURCE\OPENEXR\DEBUG\IMFVECATTRIBUTE.OBJ
D:\FREEIMAGE\SOURCE\OPENEXR\DEBUG\IMFVERSION.OBJ
D:\FREEIMAGE\SOURCE\OPENEXR\DEBUG\IMFWAV.OBJ
D:\FREEIMAGE\SOURCE\OPENEXR\DEBUG\IMFZIPCOMPRESSOR.OBJ
D:\FreeImage\Source\OpenEXR\Debug\lib.command.1.tlog
D:\FreeImage\Source\OpenEXR\Debug\Lib-link.read.1.tlog
D:\FreeImage\Source\OpenEXR\Debug\Lib-link.write.1.tlog
D:\FREEIMAGE\SOURCE\OPENEXR\DEBUG\OPENEXR.LIB
D:\FreeImage\Source\OpenEXR\Debug\OpenEXR.write.1.tlog
D:\FreeImage\Source\OpenEXR\Debug\vc100.idb
D:\FREEIMAGE\SOURCE\OPENEXR\DEBUG\VC100.PDB
