D:\FreeImage\Source\LibOpenJPEG\.\Debug\LibOpenJPEG.lib
D:\FREEIMAGE\SOURCE\LIBOPENJPEG\DEBUG\BIO.OBJ
D:\FREEIMAGE\SOURCE\LIBOPENJPEG\DEBUG\CIDX_MANAGER.OBJ
D:\FREEIMAGE\SOURCE\LIBOPENJPEG\DEBUG\CIO.OBJ
D:\FreeImage\Source\LibOpenJPEG\Debug\cl.command.1.tlog
D:\FreeImage\Source\LibOpenJPEG\Debug\CL.read.1.tlog
D:\FreeImage\Source\LibOpenJPEG\Debug\CL.write.1.tlog
D:\FREEIMAGE\SOURCE\LIBOPENJPEG\DEBUG\DWT.OBJ
D:\FREEIMAGE\SOURCE\LIBOPENJPEG\DEBUG\EVENT.OBJ
D:\FREEIMAGE\SOURCE\LIBOPENJPEG\DEBUG\IMAGE.OBJ
D:\FREEIMAGE\SOURCE\LIBOPENJPEG\DEBUG\J2K.OBJ
D:\FREEIMAGE\SOURCE\LIBOPENJPEG\DEBUG\J2K_LIB.OBJ
D:\FREEIMAGE\SOURCE\LIBOPENJPEG\DEBUG\JP2.OBJ
D:\FREEIMAGE\SOURCE\LIBOPENJPEG\DEBUG\JPT.OBJ
D:\FreeImage\Source\LibOpenJPEG\Debug\lib.command.1.tlog
D:\FreeImage\Source\LibOpenJPEG\Debug\Lib-link.read.1.tlog
D:\FreeImage\Source\LibOpenJPEG\Debug\Lib-link.write.1.tlog
D:\FREEIMAGE\SOURCE\LIBOPENJPEG\DEBUG\LIBOPENJPEG.LIB
D:\FREEIMAGE\SOURCE\LIBOPENJPEG\DEBUG\MCT.OBJ
D:\FREEIMAGE\SOURCE\LIBOPENJPEG\DEBUG\MQC.OBJ
D:\FREEIMAGE\SOURCE\LIBOPENJPEG\DEBUG\OPENJPEG.OBJ
D:\FREEIMAGE\SOURCE\LIBOPENJPEG\DEBUG\PHIX_MANAGER.OBJ
D:\FREEIMAGE\SOURCE\LIBOPENJPEG\DEBUG\PI.OBJ
D:\FREEIMAGE\SOURCE\LIBOPENJPEG\DEBUG\PPIX_MANAGER.OBJ
D:\FREEIMAGE\SOURCE\LIBOPENJPEG\DEBUG\RAW.OBJ
D:\FREEIMAGE\SOURCE\LIBOPENJPEG\DEBUG\T1.OBJ
D:\FREEIMAGE\SOURCE\LIBOPENJPEG\DEBUG\T2.OBJ
D:\FREEIMAGE\SOURCE\LIBOPENJPEG\DEBUG\TCD.OBJ
D:\FREEIMAGE\SOURCE\LIBOPENJPEG\DEBUG\TGT.OBJ
D:\FREEIMAGE\SOURCE\LIBOPENJPEG\DEBUG\THIX_MANAGER.OBJ
D:\FREEIMAGE\SOURCE\LIBOPENJPEG\DEBUG\TPIX_MANAGER.OBJ
D:\FreeImage\Source\LibOpenJPEG\Debug\vc100.idb
D:\FREEIMAGE\SOURCE\LIBOPENJPEG\DEBUG\VC100.PDB
