D:\WEBJET\ENGINE\TOOLS\MESA\GLSL_OPTIMIZER\DEBUG\GLSL_OPTIMIZER.LIB
D:\WEBJET\ENGINE\TOOLS\MESA\GLSL_OPTIMIZER\GLSL_OPTIMIZER\DEBUG\AST_EXPR.OBJ
D:\WEBJET\ENGINE\TOOLS\MESA\GLSL_OPTIMIZER\GLSL_OPTIMIZER\DEBUG\AST_FUNCTION.OBJ
D:\WEBJET\ENGINE\TOOLS\MESA\GLSL_OPTIMIZER\GLSL_OPTIMIZER\DEBUG\AST_TO_HIR.OBJ
D:\WEBJET\ENGINE\TOOLS\MESA\GLSL_OPTIMIZER\GLSL_OPTIMIZER\DEBUG\AST_TYPE.OBJ
D:\WEBJET\ENGINE\TOOLS\MESA\GLSL_OPTIMIZER\GLSL_OPTIMIZER\DEBUG\BUILTIN_FUNCTION.OBJ
D:\WEBJET\ENGINE\TOOLS\MESA\GLSL_OPTIMIZER\GLSL_OPTIMIZER\DEBUG\GLCPP-LEX.OBJ
D:\WEBJET\ENGINE\TOOLS\MESA\GLSL_OPTIMIZER\GLSL_OPTIMIZER\DEBUG\GLCPP-PARSE.OBJ
D:\WEBJET\ENGINE\TOOLS\MESA\GLSL_OPTIMIZER\GLSL_OPTIMIZER\DEBUG\GLSL_LEXER.OBJ
D:\WEBJET\ENGINE\TOOLS\MESA\GLSL_OPTIMIZER\GLSL_OPTIMIZER\DEBUG\GLSL_OPTIMIZER.OBJ
D:\WEBJET\ENGINE\TOOLS\MESA\GLSL_OPTIMIZER\GLSL_OPTIMIZER\DEBUG\GLSL_PARSER.OBJ
D:\WEBJET\ENGINE\TOOLS\MESA\GLSL_OPTIMIZER\GLSL_OPTIMIZER\DEBUG\GLSL_PARSER_EXTRAS.OBJ
D:\WEBJET\ENGINE\TOOLS\MESA\GLSL_OPTIMIZER\GLSL_OPTIMIZER\DEBUG\GLSL_SYMBOL_TABLE.OBJ
D:\WEBJET\ENGINE\TOOLS\MESA\GLSL_OPTIMIZER\GLSL_OPTIMIZER\DEBUG\GLSL_TYPES.OBJ
D:\WEBJET\ENGINE\TOOLS\MESA\GLSL_OPTIMIZER\GLSL_OPTIMIZER\DEBUG\HASH_TABLE.OBJ
D:\WEBJET\ENGINE\TOOLS\MESA\GLSL_OPTIMIZER\GLSL_OPTIMIZER\DEBUG\HIR_FIELD_SELECTION.OBJ
D:\WEBJET\ENGINE\TOOLS\MESA\GLSL_OPTIMIZER\GLSL_OPTIMIZER\DEBUG\IR.OBJ
D:\WEBJET\ENGINE\TOOLS\MESA\GLSL_OPTIMIZER\GLSL_OPTIMIZER\DEBUG\IR_BASIC_BLOCK.OBJ
D:\WEBJET\ENGINE\TOOLS\MESA\GLSL_OPTIMIZER\GLSL_OPTIMIZER\DEBUG\IR_CLONE.OBJ
D:\WEBJET\ENGINE\TOOLS\MESA\GLSL_OPTIMIZER\GLSL_OPTIMIZER\DEBUG\IR_CONSTANT_EXPRESSION.OBJ
D:\WEBJET\ENGINE\TOOLS\MESA\GLSL_OPTIMIZER\GLSL_OPTIMIZER\DEBUG\IR_EXPRESSION_FLATTENING.OBJ
D:\WEBJET\ENGINE\TOOLS\MESA\GLSL_OPTIMIZER\GLSL_OPTIMIZER\DEBUG\IR_FUNCTION.OBJ
D:\WEBJET\ENGINE\TOOLS\MESA\GLSL_OPTIMIZER\GLSL_OPTIMIZER\DEBUG\IR_FUNCTION_CAN_INLINE.OBJ
D:\WEBJET\ENGINE\TOOLS\MESA\GLSL_OPTIMIZER\GLSL_OPTIMIZER\DEBUG\IR_HIERARCHICAL_VISITOR.OBJ
D:\WEBJET\ENGINE\TOOLS\MESA\GLSL_OPTIMIZER\GLSL_OPTIMIZER\DEBUG\IR_HV_ACCEPT.OBJ
D:\WEBJET\ENGINE\TOOLS\MESA\GLSL_OPTIMIZER\GLSL_OPTIMIZER\DEBUG\IR_IMPORT_PROTOTYPES.OBJ
D:\WEBJET\ENGINE\TOOLS\MESA\GLSL_OPTIMIZER\GLSL_OPTIMIZER\DEBUG\IR_PRINT_GLSL_VISITOR.OBJ
D:\WEBJET\ENGINE\TOOLS\MESA\GLSL_OPTIMIZER\GLSL_OPTIMIZER\DEBUG\IR_PRINT_VISITOR.OBJ
D:\WEBJET\ENGINE\TOOLS\MESA\GLSL_OPTIMIZER\GLSL_OPTIMIZER\DEBUG\IR_READER.OBJ
D:\WEBJET\ENGINE\TOOLS\MESA\GLSL_OPTIMIZER\GLSL_OPTIMIZER\DEBUG\IR_RVALUE_VISITOR.OBJ
D:\WEBJET\ENGINE\TOOLS\MESA\GLSL_OPTIMIZER\GLSL_OPTIMIZER\DEBUG\IR_UNUSED_STRUCTS.OBJ
D:\WEBJET\ENGINE\TOOLS\MESA\GLSL_OPTIMIZER\GLSL_OPTIMIZER\DEBUG\IR_VALIDATE.OBJ
D:\WEBJET\ENGINE\TOOLS\MESA\GLSL_OPTIMIZER\GLSL_OPTIMIZER\DEBUG\IR_VARIABLE.OBJ
D:\WEBJET\ENGINE\TOOLS\MESA\GLSL_OPTIMIZER\GLSL_OPTIMIZER\DEBUG\IR_VARIABLE_REFCOUNT.OBJ
D:\WEBJET\ENGINE\TOOLS\MESA\GLSL_OPTIMIZER\GLSL_OPTIMIZER\DEBUG\LINK_FUNCTIONS.OBJ
D:\WEBJET\ENGINE\TOOLS\MESA\GLSL_OPTIMIZER\GLSL_OPTIMIZER\DEBUG\LINKER.OBJ
D:\WEBJET\ENGINE\TOOLS\MESA\GLSL_OPTIMIZER\GLSL_OPTIMIZER\DEBUG\LOOP_ANALYSIS.OBJ
D:\WEBJET\ENGINE\TOOLS\MESA\GLSL_OPTIMIZER\GLSL_OPTIMIZER\DEBUG\LOOP_CONTROLS.OBJ
D:\WEBJET\ENGINE\TOOLS\MESA\GLSL_OPTIMIZER\GLSL_OPTIMIZER\DEBUG\LOOP_UNROLL.OBJ
D:\WEBJET\ENGINE\TOOLS\MESA\GLSL_OPTIMIZER\GLSL_OPTIMIZER\DEBUG\LOWER_DISCARD.OBJ
D:\WEBJET\ENGINE\TOOLS\MESA\GLSL_OPTIMIZER\GLSL_OPTIMIZER\DEBUG\LOWER_IF_TO_COND_ASSIGN.OBJ
D:\WEBJET\ENGINE\TOOLS\MESA\GLSL_OPTIMIZER\GLSL_OPTIMIZER\DEBUG\LOWER_INSTRUCTIONS.OBJ
D:\WEBJET\ENGINE\TOOLS\MESA\GLSL_OPTIMIZER\GLSL_OPTIMIZER\DEBUG\LOWER_JUMPS.OBJ
D:\WEBJET\ENGINE\TOOLS\MESA\GLSL_OPTIMIZER\GLSL_OPTIMIZER\DEBUG\LOWER_MAT_OP_TO_VEC.OBJ
D:\WEBJET\ENGINE\TOOLS\MESA\GLSL_OPTIMIZER\GLSL_OPTIMIZER\DEBUG\LOWER_NOISE.OBJ
D:\WEBJET\ENGINE\TOOLS\MESA\GLSL_OPTIMIZER\GLSL_OPTIMIZER\DEBUG\LOWER_VARIABLE_INDEX_TO_COND_ASSIGN.OBJ
D:\WEBJET\ENGINE\TOOLS\MESA\GLSL_OPTIMIZER\GLSL_OPTIMIZER\DEBUG\LOWER_VEC_INDEX_TO_COND_ASSIGN.OBJ
D:\WEBJET\ENGINE\TOOLS\MESA\GLSL_OPTIMIZER\GLSL_OPTIMIZER\DEBUG\LOWER_VEC_INDEX_TO_SWIZZLE.OBJ
D:\WEBJET\ENGINE\TOOLS\MESA\GLSL_OPTIMIZER\GLSL_OPTIMIZER\DEBUG\LOWER_VECTOR.OBJ
D:\WEBJET\ENGINE\TOOLS\MESA\GLSL_OPTIMIZER\GLSL_OPTIMIZER\DEBUG\OPT_ALGEBRAIC.OBJ
D:\WEBJET\ENGINE\TOOLS\MESA\GLSL_OPTIMIZER\GLSL_OPTIMIZER\DEBUG\OPT_CONSTANT_FOLDING.OBJ
D:\WEBJET\ENGINE\TOOLS\MESA\GLSL_OPTIMIZER\GLSL_OPTIMIZER\DEBUG\OPT_CONSTANT_PROPAGATION.OBJ
D:\WEBJET\ENGINE\TOOLS\MESA\GLSL_OPTIMIZER\GLSL_OPTIMIZER\DEBUG\OPT_CONSTANT_VARIABLE.OBJ
D:\WEBJET\ENGINE\TOOLS\MESA\GLSL_OPTIMIZER\GLSL_OPTIMIZER\DEBUG\OPT_COPY_PROPAGATION.OBJ
D:\WEBJET\ENGINE\TOOLS\MESA\GLSL_OPTIMIZER\GLSL_OPTIMIZER\DEBUG\OPT_DEAD_CODE.OBJ
D:\WEBJET\ENGINE\TOOLS\MESA\GLSL_OPTIMIZER\GLSL_OPTIMIZER\DEBUG\OPT_DEAD_CODE_LOCAL.OBJ
D:\WEBJET\ENGINE\TOOLS\MESA\GLSL_OPTIMIZER\GLSL_OPTIMIZER\DEBUG\OPT_DEAD_FUNCTIONS.OBJ
D:\WEBJET\ENGINE\TOOLS\MESA\GLSL_OPTIMIZER\GLSL_OPTIMIZER\DEBUG\OPT_DISCARD_SIMPLIFICATION.OBJ
D:\WEBJET\ENGINE\TOOLS\MESA\GLSL_OPTIMIZER\GLSL_OPTIMIZER\DEBUG\OPT_FUNCTION_INLINING.OBJ
D:\WEBJET\ENGINE\TOOLS\MESA\GLSL_OPTIMIZER\GLSL_OPTIMIZER\DEBUG\OPT_IF_SIMPLIFICATION.OBJ
D:\WEBJET\ENGINE\TOOLS\MESA\GLSL_OPTIMIZER\GLSL_OPTIMIZER\DEBUG\OPT_NOOP_SWIZZLE.OBJ
D:\WEBJET\ENGINE\TOOLS\MESA\GLSL_OPTIMIZER\GLSL_OPTIMIZER\DEBUG\OPT_REDUNDANT_JUMPS.OBJ
D:\WEBJET\ENGINE\TOOLS\MESA\GLSL_OPTIMIZER\GLSL_OPTIMIZER\DEBUG\OPT_STRUCTURE_SPLITTING.OBJ
D:\WEBJET\ENGINE\TOOLS\MESA\GLSL_OPTIMIZER\GLSL_OPTIMIZER\DEBUG\OPT_SWIZZLE_SWIZZLE.OBJ
D:\WEBJET\ENGINE\TOOLS\MESA\GLSL_OPTIMIZER\GLSL_OPTIMIZER\DEBUG\OPT_TREE_GRAFTING.OBJ
D:\WEBJET\ENGINE\TOOLS\MESA\GLSL_OPTIMIZER\GLSL_OPTIMIZER\DEBUG\PP.OBJ
D:\WEBJET\ENGINE\TOOLS\MESA\GLSL_OPTIMIZER\GLSL_OPTIMIZER\DEBUG\S_EXPRESSION.OBJ
D:\WEBJET\ENGINE\TOOLS\MESA\GLSL_OPTIMIZER\GLSL_OPTIMIZER\DEBUG\STRTOD.OBJ
D:\WEBJET\ENGINE\TOOLS\MESA\GLSL_OPTIMIZER\GLSL_OPTIMIZER\DEBUG\SYMBOL_TABLE.OBJ
D:\WEBJET\ENGINE\TOOLS\MESA\GLSL_OPTIMIZER\GLSL_OPTIMIZER\DEBUG\TALLOC.OBJ
D:\WEBJET\ENGINE\TOOLS\MESA\GLSL_OPTIMIZER\GLSL_OPTIMIZER\DEBUG\VC100.PDB
E:\tools\thirdlib\mesa\GLSL_Optimizer\Debug\GLSL_Optimizer.lib
E:\tools\thirdlib\mesa\GLSL_Optimizer\GLSL_Optimizer\Debug\ast_expr.obj
E:\tools\thirdlib\mesa\GLSL_Optimizer\GLSL_Optimizer\Debug\ast_function.obj
E:\tools\thirdlib\mesa\GLSL_Optimizer\GLSL_Optimizer\Debug\ast_to_hir.obj
E:\tools\thirdlib\mesa\GLSL_Optimizer\GLSL_Optimizer\Debug\ast_type.obj
E:\tools\thirdlib\mesa\GLSL_Optimizer\GLSL_Optimizer\Debug\builtin_function.obj
E:\tools\thirdlib\mesa\GLSL_Optimizer\GLSL_Optimizer\Debug\cl.command.1.tlog
E:\tools\thirdlib\mesa\GLSL_Optimizer\GLSL_Optimizer\Debug\CL.read.1.tlog
E:\tools\thirdlib\mesa\GLSL_Optimizer\GLSL_Optimizer\Debug\CL.write.1.tlog
E:\tools\thirdlib\mesa\GLSL_Optimizer\GLSL_Optimizer\Debug\glcpp-lex.obj
E:\tools\thirdlib\mesa\GLSL_Optimizer\GLSL_Optimizer\Debug\glcpp-parse.obj
E:\tools\thirdlib\mesa\GLSL_Optimizer\GLSL_Optimizer\Debug\glsl_lexer.obj
E:\tools\thirdlib\mesa\GLSL_Optimizer\GLSL_Optimizer\Debug\glsl_optimizer.obj
E:\tools\thirdlib\mesa\GLSL_Optimizer\GLSL_Optimizer\Debug\glsl_parser.obj
E:\tools\thirdlib\mesa\GLSL_Optimizer\GLSL_Optimizer\Debug\glsl_parser_extras.obj
E:\tools\thirdlib\mesa\GLSL_Optimizer\GLSL_Optimizer\Debug\glsl_symbol_table.obj
E:\tools\thirdlib\mesa\GLSL_Optimizer\GLSL_Optimizer\Debug\glsl_types.obj
E:\tools\thirdlib\mesa\GLSL_Optimizer\GLSL_Optimizer\Debug\hash_table.obj
E:\tools\thirdlib\mesa\GLSL_Optimizer\GLSL_Optimizer\Debug\hir_field_selection.obj
E:\tools\thirdlib\mesa\GLSL_Optimizer\GLSL_Optimizer\Debug\ir.obj
E:\tools\thirdlib\mesa\GLSL_Optimizer\GLSL_Optimizer\Debug\ir_basic_block.obj
E:\tools\thirdlib\mesa\GLSL_Optimizer\GLSL_Optimizer\Debug\ir_clone.obj
E:\tools\thirdlib\mesa\GLSL_Optimizer\GLSL_Optimizer\Debug\ir_constant_expression.obj
E:\tools\thirdlib\mesa\GLSL_Optimizer\GLSL_Optimizer\Debug\ir_expression_flattening.obj
E:\tools\thirdlib\mesa\GLSL_Optimizer\GLSL_Optimizer\Debug\ir_function.obj
E:\tools\thirdlib\mesa\GLSL_Optimizer\GLSL_Optimizer\Debug\ir_function_can_inline.obj
E:\tools\thirdlib\mesa\GLSL_Optimizer\GLSL_Optimizer\Debug\ir_hierarchical_visitor.obj
E:\tools\thirdlib\mesa\GLSL_Optimizer\GLSL_Optimizer\Debug\ir_hv_accept.obj
E:\tools\thirdlib\mesa\GLSL_Optimizer\GLSL_Optimizer\Debug\ir_import_prototypes.obj
E:\tools\thirdlib\mesa\GLSL_Optimizer\GLSL_Optimizer\Debug\ir_print_glsl_visitor.obj
E:\tools\thirdlib\mesa\GLSL_Optimizer\GLSL_Optimizer\Debug\ir_print_visitor.obj
E:\tools\thirdlib\mesa\GLSL_Optimizer\GLSL_Optimizer\Debug\ir_reader.obj
E:\tools\thirdlib\mesa\GLSL_Optimizer\GLSL_Optimizer\Debug\ir_rvalue_visitor.obj
E:\tools\thirdlib\mesa\GLSL_Optimizer\GLSL_Optimizer\Debug\ir_unused_structs.obj
E:\tools\thirdlib\mesa\GLSL_Optimizer\GLSL_Optimizer\Debug\ir_validate.obj
E:\tools\thirdlib\mesa\GLSL_Optimizer\GLSL_Optimizer\Debug\ir_variable.obj
E:\tools\thirdlib\mesa\GLSL_Optimizer\GLSL_Optimizer\Debug\ir_variable_refcount.obj
E:\tools\thirdlib\mesa\GLSL_Optimizer\GLSL_Optimizer\Debug\lib.command.1.tlog
E:\tools\thirdlib\mesa\GLSL_Optimizer\GLSL_Optimizer\Debug\Lib-link.read.1.tlog
E:\tools\thirdlib\mesa\GLSL_Optimizer\GLSL_Optimizer\Debug\Lib-link.write.1.tlog
E:\tools\thirdlib\mesa\GLSL_Optimizer\GLSL_Optimizer\Debug\link_functions.obj
E:\tools\thirdlib\mesa\GLSL_Optimizer\GLSL_Optimizer\Debug\linker.obj
E:\tools\thirdlib\mesa\GLSL_Optimizer\GLSL_Optimizer\Debug\loop_analysis.obj
E:\tools\thirdlib\mesa\GLSL_Optimizer\GLSL_Optimizer\Debug\loop_controls.obj
E:\tools\thirdlib\mesa\GLSL_Optimizer\GLSL_Optimizer\Debug\loop_unroll.obj
E:\tools\thirdlib\mesa\GLSL_Optimizer\GLSL_Optimizer\Debug\lower_discard.obj
E:\tools\thirdlib\mesa\GLSL_Optimizer\GLSL_Optimizer\Debug\lower_if_to_cond_assign.obj
E:\tools\thirdlib\mesa\GLSL_Optimizer\GLSL_Optimizer\Debug\lower_instructions.obj
E:\tools\thirdlib\mesa\GLSL_Optimizer\GLSL_Optimizer\Debug\lower_jumps.obj
E:\tools\thirdlib\mesa\GLSL_Optimizer\GLSL_Optimizer\Debug\lower_mat_op_to_vec.obj
E:\tools\thirdlib\mesa\GLSL_Optimizer\GLSL_Optimizer\Debug\lower_noise.obj
E:\tools\thirdlib\mesa\GLSL_Optimizer\GLSL_Optimizer\Debug\lower_variable_index_to_cond_assign.obj
E:\tools\thirdlib\mesa\GLSL_Optimizer\GLSL_Optimizer\Debug\lower_vec_index_to_cond_assign.obj
E:\tools\thirdlib\mesa\GLSL_Optimizer\GLSL_Optimizer\Debug\lower_vec_index_to_swizzle.obj
E:\tools\thirdlib\mesa\GLSL_Optimizer\GLSL_Optimizer\Debug\lower_vector.obj
E:\tools\thirdlib\mesa\GLSL_Optimizer\GLSL_Optimizer\Debug\opt_algebraic.obj
E:\tools\thirdlib\mesa\GLSL_Optimizer\GLSL_Optimizer\Debug\opt_constant_folding.obj
E:\tools\thirdlib\mesa\GLSL_Optimizer\GLSL_Optimizer\Debug\opt_constant_propagation.obj
E:\tools\thirdlib\mesa\GLSL_Optimizer\GLSL_Optimizer\Debug\opt_constant_variable.obj
E:\tools\thirdlib\mesa\GLSL_Optimizer\GLSL_Optimizer\Debug\opt_copy_propagation.obj
E:\tools\thirdlib\mesa\GLSL_Optimizer\GLSL_Optimizer\Debug\opt_dead_code.obj
E:\tools\thirdlib\mesa\GLSL_Optimizer\GLSL_Optimizer\Debug\opt_dead_code_local.obj
E:\tools\thirdlib\mesa\GLSL_Optimizer\GLSL_Optimizer\Debug\opt_dead_functions.obj
E:\tools\thirdlib\mesa\GLSL_Optimizer\GLSL_Optimizer\Debug\opt_discard_simplification.obj
E:\tools\thirdlib\mesa\GLSL_Optimizer\GLSL_Optimizer\Debug\opt_function_inlining.obj
E:\tools\thirdlib\mesa\GLSL_Optimizer\GLSL_Optimizer\Debug\opt_if_simplification.obj
E:\tools\thirdlib\mesa\GLSL_Optimizer\GLSL_Optimizer\Debug\opt_noop_swizzle.obj
E:\tools\thirdlib\mesa\GLSL_Optimizer\GLSL_Optimizer\Debug\opt_redundant_jumps.obj
E:\tools\thirdlib\mesa\GLSL_Optimizer\GLSL_Optimizer\Debug\opt_structure_splitting.obj
E:\tools\thirdlib\mesa\GLSL_Optimizer\GLSL_Optimizer\Debug\opt_swizzle_swizzle.obj
E:\tools\thirdlib\mesa\GLSL_Optimizer\GLSL_Optimizer\Debug\opt_tree_grafting.obj
E:\tools\thirdlib\mesa\GLSL_Optimizer\GLSL_Optimizer\Debug\pp.obj
E:\tools\thirdlib\mesa\GLSL_Optimizer\GLSL_Optimizer\Debug\s_expression.obj
E:\tools\thirdlib\mesa\GLSL_Optimizer\GLSL_Optimizer\Debug\strtod.obj
E:\tools\thirdlib\mesa\GLSL_Optimizer\GLSL_Optimizer\Debug\symbol_table.obj
E:\tools\thirdlib\mesa\GLSL_Optimizer\GLSL_Optimizer\Debug\talloc.obj
E:\tools\thirdlib\mesa\GLSL_Optimizer\GLSL_Optimizer\Debug\vc100.idb
E:\tools\thirdlib\mesa\GLSL_Optimizer\GLSL_Optimizer\Debug\vc100.pdb
E:\tools\thirdlib\mesa\GLSL_Optimizer\GLSL_Optimizer\Debug\vc100_ib_1.idb
E:\tools\thirdlib\mesa\GLSL_Optimizer\GLSL_Optimizer\Debug\vc100_ib_1.pdb
E:\tools\thirdlib\mesa\GLSL_Optimizer\GLSL_Optimizer\Debug\vc100_ib_10.idb
E:\tools\thirdlib\mesa\GLSL_Optimizer\GLSL_Optimizer\Debug\vc100_ib_10.pdb
E:\tools\thirdlib\mesa\GLSL_Optimizer\GLSL_Optimizer\Debug\vc100_ib_11.idb
E:\tools\thirdlib\mesa\GLSL_Optimizer\GLSL_Optimizer\Debug\vc100_ib_11.pdb
E:\tools\thirdlib\mesa\GLSL_Optimizer\GLSL_Optimizer\Debug\vc100_ib_12.idb
E:\tools\thirdlib\mesa\GLSL_Optimizer\GLSL_Optimizer\Debug\vc100_ib_12.pdb
E:\tools\thirdlib\mesa\GLSL_Optimizer\GLSL_Optimizer\Debug\vc100_ib_13.idb
E:\tools\thirdlib\mesa\GLSL_Optimizer\GLSL_Optimizer\Debug\vc100_ib_13.pdb
E:\tools\thirdlib\mesa\GLSL_Optimizer\GLSL_Optimizer\Debug\vc100_ib_14.idb
E:\tools\thirdlib\mesa\GLSL_Optimizer\GLSL_Optimizer\Debug\vc100_ib_14.pdb
E:\tools\thirdlib\mesa\GLSL_Optimizer\GLSL_Optimizer\Debug\vc100_ib_15.idb
E:\tools\thirdlib\mesa\GLSL_Optimizer\GLSL_Optimizer\Debug\vc100_ib_15.pdb
E:\tools\thirdlib\mesa\GLSL_Optimizer\GLSL_Optimizer\Debug\vc100_ib_16.idb
E:\tools\thirdlib\mesa\GLSL_Optimizer\GLSL_Optimizer\Debug\vc100_ib_16.pdb
E:\tools\thirdlib\mesa\GLSL_Optimizer\GLSL_Optimizer\Debug\vc100_ib_17.idb
E:\tools\thirdlib\mesa\GLSL_Optimizer\GLSL_Optimizer\Debug\vc100_ib_17.pdb
E:\tools\thirdlib\mesa\GLSL_Optimizer\GLSL_Optimizer\Debug\vc100_ib_18.idb
E:\tools\thirdlib\mesa\GLSL_Optimizer\GLSL_Optimizer\Debug\vc100_ib_18.pdb
E:\tools\thirdlib\mesa\GLSL_Optimizer\GLSL_Optimizer\Debug\vc100_ib_19.idb
E:\tools\thirdlib\mesa\GLSL_Optimizer\GLSL_Optimizer\Debug\vc100_ib_19.pdb
E:\tools\thirdlib\mesa\GLSL_Optimizer\GLSL_Optimizer\Debug\vc100_ib_2.idb
E:\tools\thirdlib\mesa\GLSL_Optimizer\GLSL_Optimizer\Debug\vc100_ib_2.pdb
E:\tools\thirdlib\mesa\GLSL_Optimizer\GLSL_Optimizer\Debug\vc100_ib_20.idb
E:\tools\thirdlib\mesa\GLSL_Optimizer\GLSL_Optimizer\Debug\vc100_ib_20.pdb
E:\tools\thirdlib\mesa\GLSL_Optimizer\GLSL_Optimizer\Debug\vc100_ib_21.idb
E:\tools\thirdlib\mesa\GLSL_Optimizer\GLSL_Optimizer\Debug\vc100_ib_21.pdb
E:\tools\thirdlib\mesa\GLSL_Optimizer\GLSL_Optimizer\Debug\vc100_ib_22.idb
E:\tools\thirdlib\mesa\GLSL_Optimizer\GLSL_Optimizer\Debug\vc100_ib_22.pdb
E:\tools\thirdlib\mesa\GLSL_Optimizer\GLSL_Optimizer\Debug\vc100_ib_23.idb
E:\tools\thirdlib\mesa\GLSL_Optimizer\GLSL_Optimizer\Debug\vc100_ib_23.pdb
E:\tools\thirdlib\mesa\GLSL_Optimizer\GLSL_Optimizer\Debug\vc100_ib_24.idb
E:\tools\thirdlib\mesa\GLSL_Optimizer\GLSL_Optimizer\Debug\vc100_ib_24.pdb
E:\tools\thirdlib\mesa\GLSL_Optimizer\GLSL_Optimizer\Debug\vc100_ib_3.idb
E:\tools\thirdlib\mesa\GLSL_Optimizer\GLSL_Optimizer\Debug\vc100_ib_3.pdb
E:\tools\thirdlib\mesa\GLSL_Optimizer\GLSL_Optimizer\Debug\vc100_ib_4.idb
E:\tools\thirdlib\mesa\GLSL_Optimizer\GLSL_Optimizer\Debug\vc100_ib_4.pdb
E:\tools\thirdlib\mesa\GLSL_Optimizer\GLSL_Optimizer\Debug\vc100_ib_5.idb
E:\tools\thirdlib\mesa\GLSL_Optimizer\GLSL_Optimizer\Debug\vc100_ib_5.pdb
E:\tools\thirdlib\mesa\GLSL_Optimizer\GLSL_Optimizer\Debug\vc100_ib_6.idb
E:\tools\thirdlib\mesa\GLSL_Optimizer\GLSL_Optimizer\Debug\vc100_ib_6.pdb
E:\tools\thirdlib\mesa\GLSL_Optimizer\GLSL_Optimizer\Debug\vc100_ib_7.idb
E:\tools\thirdlib\mesa\GLSL_Optimizer\GLSL_Optimizer\Debug\vc100_ib_7.pdb
E:\tools\thirdlib\mesa\GLSL_Optimizer\GLSL_Optimizer\Debug\vc100_ib_8.idb
E:\tools\thirdlib\mesa\GLSL_Optimizer\GLSL_Optimizer\Debug\vc100_ib_8.pdb
E:\tools\thirdlib\mesa\GLSL_Optimizer\GLSL_Optimizer\Debug\vc90.idb
E:\tools\thirdlib\mesa\GLSL_Optimizer\GLSL_Optimizer\Debug\vc90.pdb
E:\tools\thirdlib\mesa\GLSL_Optimizer\GLSL_Optimizer\Debug\vc90_ib_10.idb
E:\tools\thirdlib\mesa\GLSL_Optimizer\GLSL_Optimizer\Debug\vc90_ib_10.pdb
E:\tools\thirdlib\mesa\GLSL_Optimizer\GLSL_Optimizer\Debug\vc90_ib_11.idb
E:\tools\thirdlib\mesa\GLSL_Optimizer\GLSL_Optimizer\Debug\vc90_ib_11.pdb
E:\tools\thirdlib\mesa\GLSL_Optimizer\GLSL_Optimizer\Debug\vc90_ib_12.idb
E:\tools\thirdlib\mesa\GLSL_Optimizer\GLSL_Optimizer\Debug\vc90_ib_12.pdb
E:\tools\thirdlib\mesa\GLSL_Optimizer\GLSL_Optimizer\Debug\vc90_ib_13.idb
E:\tools\thirdlib\mesa\GLSL_Optimizer\GLSL_Optimizer\Debug\vc90_ib_13.pdb
E:\tools\thirdlib\mesa\GLSL_Optimizer\GLSL_Optimizer\Debug\vc90_ib_14.idb
E:\tools\thirdlib\mesa\GLSL_Optimizer\GLSL_Optimizer\Debug\vc90_ib_14.pdb
E:\tools\thirdlib\mesa\GLSL_Optimizer\GLSL_Optimizer\Debug\vc90_ib_15.idb
E:\tools\thirdlib\mesa\GLSL_Optimizer\GLSL_Optimizer\Debug\vc90_ib_15.pdb
E:\tools\thirdlib\mesa\GLSL_Optimizer\GLSL_Optimizer\Debug\vc90_ib_16.idb
E:\tools\thirdlib\mesa\GLSL_Optimizer\GLSL_Optimizer\Debug\vc90_ib_16.pdb
E:\tools\thirdlib\mesa\GLSL_Optimizer\GLSL_Optimizer\Debug\vc90_ib_17.idb
E:\tools\thirdlib\mesa\GLSL_Optimizer\GLSL_Optimizer\Debug\vc90_ib_17.pdb
E:\tools\thirdlib\mesa\GLSL_Optimizer\GLSL_Optimizer\Debug\vc90_ib_18.idb
E:\tools\thirdlib\mesa\GLSL_Optimizer\GLSL_Optimizer\Debug\vc90_ib_18.pdb
E:\tools\thirdlib\mesa\GLSL_Optimizer\GLSL_Optimizer\Debug\vc90_ib_19.idb
E:\tools\thirdlib\mesa\GLSL_Optimizer\GLSL_Optimizer\Debug\vc90_ib_19.pdb
E:\tools\thirdlib\mesa\GLSL_Optimizer\GLSL_Optimizer\Debug\vc90_ib_20.idb
E:\tools\thirdlib\mesa\GLSL_Optimizer\GLSL_Optimizer\Debug\vc90_ib_20.pdb
E:\tools\thirdlib\mesa\GLSL_Optimizer\GLSL_Optimizer\Debug\vc90_ib_21.idb
E:\tools\thirdlib\mesa\GLSL_Optimizer\GLSL_Optimizer\Debug\vc90_ib_21.pdb
E:\tools\thirdlib\mesa\GLSL_Optimizer\GLSL_Optimizer\Debug\vc90_ib_22.idb
E:\tools\thirdlib\mesa\GLSL_Optimizer\GLSL_Optimizer\Debug\vc90_ib_22.pdb
E:\tools\thirdlib\mesa\GLSL_Optimizer\GLSL_Optimizer\Debug\vc90_ib_23.idb
E:\tools\thirdlib\mesa\GLSL_Optimizer\GLSL_Optimizer\Debug\vc90_ib_23.pdb
E:\tools\thirdlib\mesa\GLSL_Optimizer\GLSL_Optimizer\Debug\vc90_ib_25.idb
E:\tools\thirdlib\mesa\GLSL_Optimizer\GLSL_Optimizer\Debug\vc90_ib_25.pdb
E:\tools\thirdlib\mesa\GLSL_Optimizer\GLSL_Optimizer\Debug\vc90_ib_26.idb
E:\tools\thirdlib\mesa\GLSL_Optimizer\GLSL_Optimizer\Debug\vc90_ib_26.pdb
E:\tools\thirdlib\mesa\GLSL_Optimizer\GLSL_Optimizer\Debug\vc90_ib_3.idb
E:\tools\thirdlib\mesa\GLSL_Optimizer\GLSL_Optimizer\Debug\vc90_ib_3.pdb
E:\tools\thirdlib\mesa\GLSL_Optimizer\GLSL_Optimizer\Debug\vc90_ib_4.idb
E:\tools\thirdlib\mesa\GLSL_Optimizer\GLSL_Optimizer\Debug\vc90_ib_4.pdb
E:\tools\thirdlib\mesa\GLSL_Optimizer\GLSL_Optimizer\Debug\vc90_ib_5.idb
E:\tools\thirdlib\mesa\GLSL_Optimizer\GLSL_Optimizer\Debug\vc90_ib_5.pdb
E:\tools\thirdlib\mesa\GLSL_Optimizer\GLSL_Optimizer\Debug\vc90_ib_7.idb
E:\tools\thirdlib\mesa\GLSL_Optimizer\GLSL_Optimizer\Debug\vc90_ib_7.pdb
E:\tools\thirdlib\mesa\GLSL_Optimizer\GLSL_Optimizer\Debug\vc90_ib_8.idb
E:\tools\thirdlib\mesa\GLSL_Optimizer\GLSL_Optimizer\Debug\vc90_ib_8.pdb
E:\tools\thirdlib\mesa\GLSL_Optimizer\GLSL_Optimizer\Debug\vc90_ib_9.idb
E:\tools\thirdlib\mesa\GLSL_Optimizer\GLSL_Optimizer\Debug\vc90_ib_9.pdb
