D:\FreeImage\Source\LibTIFF4\.\Debug\LibTIFF4.lib
D:\FreeImage\Source\LibTIFF4\Debug\cl.command.1.tlog
D:\FreeImage\Source\LibTIFF4\Debug\CL.read.1.tlog
D:\FreeImage\Source\LibTIFF4\Debug\CL.write.1.tlog
D:\FreeImage\Source\LibTIFF4\Debug\lib.command.1.tlog
D:\FreeImage\Source\LibTIFF4\Debug\Lib-link.read.1.tlog
D:\FreeImage\Source\LibTIFF4\Debug\Lib-link.write.1.tlog
D:\FREEIMAGE\SOURCE\LIBTIFF4\DEBUG\LIBTIFF4.LIB
D:\FreeImage\Source\LibTIFF4\Debug\LibTIFF4.write.1.tlog
D:\FREEIMAGE\SOURCE\LIBTIFF4\DEBUG\TIF_AUX.OBJ
D:\FREEIMAGE\SOURCE\LIBTIFF4\DEBUG\TIF_CLOSE.OBJ
D:\FREEIMAGE\SOURCE\LIBTIFF4\DEBUG\TIF_CODEC.OBJ
D:\FREEIMAGE\SOURCE\LIBTIFF4\DEBUG\TIF_COLOR.OBJ
D:\FREEIMAGE\SOURCE\LIBTIFF4\DEBUG\TIF_COMPRESS.OBJ
D:\FREEIMAGE\SOURCE\LIBTIFF4\DEBUG\TIF_DIR.OBJ
D:\FREEIMAGE\SOURCE\LIBTIFF4\DEBUG\TIF_DIRINFO.OBJ
D:\FREEIMAGE\SOURCE\LIBTIFF4\DEBUG\TIF_DIRREAD.OBJ
D:\FREEIMAGE\SOURCE\LIBTIFF4\DEBUG\TIF_DIRWRITE.OBJ
D:\FREEIMAGE\SOURCE\LIBTIFF4\DEBUG\TIF_DUMPMODE.OBJ
D:\FREEIMAGE\SOURCE\LIBTIFF4\DEBUG\TIF_ERROR.OBJ
D:\FREEIMAGE\SOURCE\LIBTIFF4\DEBUG\TIF_EXTENSION.OBJ
D:\FREEIMAGE\SOURCE\LIBTIFF4\DEBUG\TIF_FAX3.OBJ
D:\FREEIMAGE\SOURCE\LIBTIFF4\DEBUG\TIF_FAX3SM.OBJ
D:\FREEIMAGE\SOURCE\LIBTIFF4\DEBUG\TIF_FLUSH.OBJ
D:\FREEIMAGE\SOURCE\LIBTIFF4\DEBUG\TIF_GETIMAGE.OBJ
D:\FREEIMAGE\SOURCE\LIBTIFF4\DEBUG\TIF_JPEG.OBJ
D:\FREEIMAGE\SOURCE\LIBTIFF4\DEBUG\TIF_LUV.OBJ
D:\FREEIMAGE\SOURCE\LIBTIFF4\DEBUG\TIF_LZMA.OBJ
D:\FREEIMAGE\SOURCE\LIBTIFF4\DEBUG\TIF_LZW.OBJ
D:\FREEIMAGE\SOURCE\LIBTIFF4\DEBUG\TIF_NEXT.OBJ
D:\FREEIMAGE\SOURCE\LIBTIFF4\DEBUG\TIF_OJPEG.OBJ
D:\FREEIMAGE\SOURCE\LIBTIFF4\DEBUG\TIF_OPEN.OBJ
D:\FREEIMAGE\SOURCE\LIBTIFF4\DEBUG\TIF_PACKBITS.OBJ
D:\FREEIMAGE\SOURCE\LIBTIFF4\DEBUG\TIF_PIXARLOG.OBJ
D:\FREEIMAGE\SOURCE\LIBTIFF4\DEBUG\TIF_PREDICT.OBJ
D:\FREEIMAGE\SOURCE\LIBTIFF4\DEBUG\TIF_PRINT.OBJ
D:\FREEIMAGE\SOURCE\LIBTIFF4\DEBUG\TIF_READ.OBJ
D:\FREEIMAGE\SOURCE\LIBTIFF4\DEBUG\TIF_STRIP.OBJ
D:\FREEIMAGE\SOURCE\LIBTIFF4\DEBUG\TIF_SWAB.OBJ
D:\FREEIMAGE\SOURCE\LIBTIFF4\DEBUG\TIF_THUNDER.OBJ
D:\FREEIMAGE\SOURCE\LIBTIFF4\DEBUG\TIF_TILE.OBJ
D:\FREEIMAGE\SOURCE\LIBTIFF4\DEBUG\TIF_VERSION.OBJ
D:\FREEIMAGE\SOURCE\LIBTIFF4\DEBUG\TIF_WARNING.OBJ
D:\FREEIMAGE\SOURCE\LIBTIFF4\DEBUG\TIF_WRITE.OBJ
D:\FREEIMAGE\SOURCE\LIBTIFF4\DEBUG\TIF_ZIP.OBJ
D:\FreeImage\Source\LibTIFF4\Debug\vc100.idb
D:\FREEIMAGE\SOURCE\LIBTIFF4\DEBUG\VC100.PDB
