D:\FreeImage\Source\LibPNG\.\Debug\LibPNG.lib
D:\FreeImage\Source\LibPNG\Debug\cl.command.1.tlog
D:\FreeImage\Source\LibPNG\Debug\CL.read.1.tlog
D:\FreeImage\Source\LibPNG\Debug\CL.write.1.tlog
D:\FreeImage\Source\LibPNG\Debug\lib.command.1.tlog
D:\FreeImage\Source\LibPNG\Debug\Lib-link.read.1.tlog
D:\FreeImage\Source\LibPNG\Debug\Lib-link.write.1.tlog
D:\FREEIMAGE\SOURCE\LIBPNG\DEBUG\LIBPNG.LIB
D:\FreeImage\Source\LibPNG\Debug\LibPNG.write.1.tlog
D:\FREEIMAGE\SOURCE\LIBPNG\DEBUG\PNG.OBJ
D:\FREEIMAGE\SOURCE\LIBPNG\DEBUG\PNGERROR.OBJ
D:\FREEIMAGE\SOURCE\LIBPNG\DEBUG\PNGGET.OBJ
D:\FREEIMAGE\SOURCE\LIBPNG\DEBUG\PNGMEM.OBJ
D:\FREEIMAGE\SOURCE\LIBPNG\DEBUG\PNGPREAD.OBJ
D:\FREEIMAGE\SOURCE\LIBPNG\DEBUG\PNGREAD.OBJ
D:\FREEIMAGE\SOURCE\LIBPNG\DEBUG\PNGRIO.OBJ
D:\FREEIMAGE\SOURCE\LIBPNG\DEBUG\PNGRTRAN.OBJ
D:\FREEIMAGE\SOURCE\LIBPNG\DEBUG\PNGRUTIL.OBJ
D:\FREEIMAGE\SOURCE\LIBPNG\DEBUG\PNGSET.OBJ
D:\FREEIMAGE\SOURCE\LIBPNG\DEBUG\PNGTRANS.OBJ
D:\FREEIMAGE\SOURCE\LIBPNG\DEBUG\PNGWIO.OBJ
D:\FREEIMAGE\SOURCE\LIBPNG\DEBUG\PNGWRITE.OBJ
D:\FREEIMAGE\SOURCE\LIBPNG\DEBUG\PNGWTRAN.OBJ
D:\FREEIMAGE\SOURCE\LIBPNG\DEBUG\PNGWUTIL.OBJ
D:\FreeImage\Source\LibPNG\Debug\vc100.idb
D:\FREEIMAGE\SOURCE\LIBPNG\DEBUG\VC100.PDB
