Build started 2012-10-11 21:56:19.
     1>Project "D:\FreeImage\Source\LibJPEG\LibJPEG.2008.vcxproj" on node 3 (rebuild target(s)).
     1>InitializeBuildStatus:
         Creating ".\Release\LibJPEG.unsuccessfulbuild" because "AlwaysCreate" was specified.
       ClCompile:
         C:\Program Files\Microsoft Visual Studio 10.0\VC\bin\CL.exe /c /I..\zlib /Zi /nologo /W3 /WX- /O2 /Ob2 /Oi /Ot /Oy /D WIN32 /D NDEBUG /D _LIB /D _CRT_SECURE_NO_DEPRECATE /D _VC80_UPGRADE=0x0710 /D _MBCS /GF /Gm- /EHsc /MT /GS- /fp:precise /Zc:wchar_t /Zc:forScope /Fo".\Release/" /Fd".\Release/vc100.pdb" /Gd /TC /analyze- /errorReport:prompt jaricom.c jcapimin.c jcapistd.c jcarith.c jccoefct.c jccolor.c jcdctmgr.c jchuff.c jcinit.c jcmainct.c jcmarker.c jcmaster.c jcomapi.c jcparam.c jcprepct.c jcsample.c jctrans.c jdapimin.c jdapistd.c jdarith.c jdatadst.c jdatasrc.c jdcoefct.c jdcolor.c jddctmgr.c jdhuff.c jdinput.c jdmainct.c jdmarker.c jdmaster.c jdmerge.c jdpostct.c jdsample.c jdtrans.c jerror.c jfdctflt.c jfdctfst.c jfdctint.c jidctflt.c jidctfst.c jidctint.c jmemmgr.c jmemnobs.c jquant1.c jquant2.c jutils.c transupp.c
         jaricom.c
         jcapimin.c
         jcapistd.c
         jcarith.c
         jccoefct.c
         jccolor.c
         jcdctmgr.c
         jchuff.c
         jcinit.c
         jcmainct.c
         jcmarker.c
         jcmaster.c
         jcomapi.c
         jcparam.c
         jcprepct.c
         jcsample.c
         jctrans.c
         jdapimin.c
         jdapistd.c
         jdarith.c
         Generating Code...
         Compiling...
         jdatadst.c
         jdatasrc.c
         jdcoefct.c
         jdcolor.c
         jddctmgr.c
         jdhuff.c
         jdinput.c
         jdmainct.c
         jdmarker.c
         jdmaster.c
         jdmerge.c
         jdpostct.c
         jdsample.c
         jdtrans.c
         jerror.c
         jfdctflt.c
         jfdctfst.c
         jfdctint.c
         jidctflt.c
         jidctfst.c
         Generating Code...
         Compiling...
         jidctint.c
         jmemmgr.c
         jmemnobs.c
         jquant1.c
         jquant2.c
         jutils.c
         transupp.c
         Generating Code...
       Lib:
         C:\Program Files\Microsoft Visual Studio 10.0\VC\bin\Lib.exe /OUT:".\Release\LibJPEG.lib" /NOLOGO .\Release/jaricom.obj
         .\Release/jcapimin.obj
         .\Release/jcapistd.obj
         .\Release/jcarith.obj
         .\Release/jccoefct.obj
         .\Release/jccolor.obj
         .\Release/jcdctmgr.obj
         .\Release/jchuff.obj
         .\Release/jcinit.obj
         .\Release/jcmainct.obj
         .\Release/jcmarker.obj
         .\Release/jcmaster.obj
         .\Release/jcomapi.obj
         .\Release/jcparam.obj
         .\Release/jcprepct.obj
         .\Release/jcsample.obj
         .\Release/jctrans.obj
         .\Release/jdapimin.obj
         .\Release/jdapistd.obj
         .\Release/jdarith.obj
         .\Release/jdatadst.obj
         .\Release/jdatasrc.obj
         .\Release/jdcoefct.obj
         .\Release/jdcolor.obj
         .\Release/jddctmgr.obj
         .\Release/jdhuff.obj
         .\Release/jdinput.obj
         .\Release/jdmainct.obj
         .\Release/jdmarker.obj
         .\Release/jdmaster.obj
         .\Release/jdmerge.obj
         .\Release/jdpostct.obj
         .\Release/jdsample.obj
         .\Release/jdtrans.obj
         .\Release/jerror.obj
         .\Release/jfdctflt.obj
         .\Release/jfdctfst.obj
         .\Release/jfdctint.obj
         .\Release/jidctflt.obj
         .\Release/jidctfst.obj
         .\Release/jidctint.obj
         .\Release/jmemmgr.obj
         .\Release/jmemnobs.obj
         .\Release/jquant1.obj
         .\Release/jquant2.obj
         .\Release/jutils.obj
         .\Release/transupp.obj
         LibJPEG.2008.vcxproj -> D:\FreeImage\Source\LibJPEG\.\Release\LibJPEG.lib
       FinalizeBuildStatus:
         Deleting file ".\Release\LibJPEG.unsuccessfulbuild".
         Touching ".\Release\LibJPEG.lastbuildstate".
     1>Done Building Project "D:\FreeImage\Source\LibJPEG\LibJPEG.2008.vcxproj" (rebuild target(s)).

Build succeeded.

Time Elapsed 00:00:09.35
